# JRE version: Java(TM) SE Runtime Environment (17.0.6+9) (build 17.0.6+9-LTS-190)
# Java VM: Java HotSpot(TM) 64-Bit Server VM (17.0.6+9-LTS-190, mixed mode, sharing, tiered, compressed oops, compressed class ptrs, g1 gc, linux-amd64)
GC Precious Log:
 CPUs: 4 total, 4 available
 Memory: 7873M
 Large Page Support: Disabled
 NUMA Support: Disabled
 Compressed Oops: Enabled (32-bit)
 Heap Region Size: 1M
 Heap Min Capacity: 8M
 Heap Initial Capacity: 124M
 Heap Max Capacity: 1970M
 Pre-touch: Disabled
 Parallel Workers: 4
 Concurrent Workers: 1
 Concurrent Refinement Workers: 4
 Periodic GC: Disabled
Heap:
 garbage-first heap   total 267264K, used 165773K [0x0000000084e00000, 0x0000000100000000)
  region size 1024K, 47 young (48128K), 12 survivors (12288K)
 Metaspace       used 96202K, committed 96832K, reserved 1138688K
  class space    used 10045K, committed 10368K, reserved 1048576K
GC Heap History (20 events):
Event: 60,853 GC heap before
{Heap before GC invocations=48 (full 0):
 garbage-first heap   total 267264K, used 217359K [0x0000000084e00000, 0x0000000100000000)
  region size 1024K, 139 young (142336K), 12 survivors (12288K)
 Metaspace       used 91872K, committed 92480K, reserved 1138688K
  class space    used 9753K, committed 10048K, reserved 1048576K
}
Event: 60,872 GC heap after
{Heap after GC invocations=49 (full 0):
 garbage-first heap   total 267264K, used 96453K [0x0000000084e00000, 0x0000000100000000)
  region size 1024K, 16 young (16384K), 16 survivors (16384K)
 Metaspace       used 91872K, committed 92480K, reserved 1138688K
  class space    used 9753K, committed 10048K, reserved 1048576K
}
Event: 62,485 GC heap before
{Heap before GC invocations=49 (full 0):
 garbage-first heap   total 267264K, used 217285K [0x0000000084e00000, 0x0000000100000000)
  region size 1024K, 134 young (137216K), 16 survivors (16384K)
 Metaspace       used 92363K, committed 92992K, reserved 1138688K
  class space    used 9779K, committed 10112K, reserved 1048576K
}
Event: 62,503 GC heap after
{Heap after GC invocations=50 (full 0):
 garbage-first heap   total 267264K, used 97058K [0x0000000084e00000, 0x0000000100000000)
  region size 1024K, 7 young (7168K), 7 survivors (7168K)
 Metaspace       used 92363K, committed 92992K, reserved 1138688K
  class space    used 9779K, committed 10112K, reserved 1048576K
}
Event: 64,350 GC heap before
{Heap before GC invocations=50 (full 0):
 garbage-first heap   total 267264K, used 217890K [0x0000000084e00000, 0x0000000100000000)
  region size 1024K, 125 young (128000K), 7 survivors (7168K)
 Metaspace       used 92626K, committed 93248K, reserved 1138688K
  class space    used 9784K, committed 10112K, reserved 1048576K
}
Event: 64,395 GC heap after
{Heap after GC invocations=51 (full 0):
 garbage-first heap   total 267264K, used 101569K [0x0000000084e00000, 0x0000000100000000)
  region size 1024K, 12 young (12288K), 12 survivors (12288K)
 Metaspace       used 92626K, committed 93248K, reserved 1138688K
  class space    used 9784K, committed 10112K, reserved 1048576K
}
Event: 65,643 GC heap before
{Heap before GC invocations=51 (full 0):
 garbage-first heap   total 267264K, used 217281K [0x0000000084e00000, 0x0000000100000000)
  region size 1024K, 125 young (128000K), 12 survivors (12288K)
 Metaspace       used 93057K, committed 93632K, reserved 1138688K
  class space    used 9804K, committed 10112K, reserved 1048576K
}
Event: 65,683 GC heap after
{Heap after GC invocations=52 (full 0):
 garbage-first heap   total 267264K, used 109311K [0x0000000084e00000, 0x0000000100000000)
  region size 1024K, 15 young (15360K), 15 survivors (15360K)
 Metaspace       used 93057K, committed 93632K, reserved 1138688K
  class space    used 9804K, committed 10112K, reserved 1048576K
}
Event: 67,318 GC heap before
{Heap before GC invocations=52 (full 0):
 garbage-first heap   total 267264K, used 218879K [0x0000000084e00000, 0x0000000100000000)
  region size 1024K, 122 young (124928K), 15 survivors (15360K)
 Metaspace       used 93346K, committed 93952K, reserved 1138688K
  class space    used 9822K, committed 10112K, reserved 1048576K
}
Event: 67,341 GC heap after
{Heap after GC invocations=53 (full 0):
 garbage-first heap   total 267264K, used 111049K [0x0000000084e00000, 0x0000000100000000)
  region size 1024K, 11 young (11264K), 11 survivors (11264K)
 Metaspace       used 93346K, committed 93952K, reserved 1138688K
  class space    used 9822K, committed 10112K, reserved 1048576K
}
Event: 68,694 GC heap before
{Heap before GC invocations=53 (full 0):
 garbage-first heap   total 267264K, used 218569K [0x0000000084e00000, 0x0000000100000000)
  region size 1024K, 116 young (118784K), 11 survivors (11264K)
 Metaspace       used 93678K, committed 94336K, reserved 1138688K
  class space    used 9835K, committed 10176K, reserved 1048576K
}
Event: 68,709 GC heap after
{Heap after GC invocations=54 (full 0):
 garbage-first heap   total 267264K, used 119726K [0x0000000084e00000, 0x0000000100000000)
  region size 1024K, 15 young (15360K), 15 survivors (15360K)
 Metaspace       used 93678K, committed 94336K, reserved 1138688K
  class space    used 9835K, committed 10176K, reserved 1048576K
}
Event: 70,390 GC heap before
{Heap before GC invocations=54 (full 0):
 garbage-first heap   total 267264K, used 219054K [0x0000000084e00000, 0x0000000100000000)
  region size 1024K, 112 young (114688K), 15 survivors (15360K)
 Metaspace       used 95103K, committed 95744K, reserved 1138688K
  class space    used 9988K, committed 10304K, reserved 1048576K
}
Event: 70,412 GC heap after
{Heap after GC invocations=55 (full 0):
 garbage-first heap   total 267264K, used 118940K [0x0000000084e00000, 0x0000000100000000)
  region size 1024K, 6 young (6144K), 6 survivors (6144K)
 Metaspace       used 95103K, committed 95744K, reserved 1138688K
  class space    used 9988K, committed 10304K, reserved 1048576K
}
Event: 71,604 GC heap before
{Heap before GC invocations=55 (full 0):
 garbage-first heap   total 267264K, used 218268K [0x0000000084e00000, 0x0000000100000000)
  region size 1024K, 103 young (105472K), 6 survivors (6144K)
 Metaspace       used 95476K, committed 96128K, reserved 1138688K
  class space    used 10005K, committed 10304K, reserved 1048576K
}
Event: 71,615 GC heap after
{Heap after GC invocations=56 (full 0):
 garbage-first heap   total 267264K, used 124783K [0x0000000084e00000, 0x0000000100000000)
  region size 1024K, 12 young (12288K), 12 survivors (12288K)
 Metaspace       used 95476K, committed 96128K, reserved 1138688K
  class space    used 10005K, committed 10304K, reserved 1048576K
}
Event: 73,025 GC heap before
{Heap before GC invocations=56 (full 0):
 garbage-first heap   total 267264K, used 218991K [0x0000000084e00000, 0x0000000100000000)
  region size 1024K, 104 young (106496K), 12 survivors (12288K)
 Metaspace       used 95850K, committed 96512K, reserved 1138688K
  class space    used 10027K, committed 10368K, reserved 1048576K
}
Event: 73,036 GC heap after
{Heap after GC invocations=57 (full 0):
 garbage-first heap   total 267264K, used 125837K [0x0000000084e00000, 0x0000000100000000)
  region size 1024K, 7 young (7168K), 7 survivors (7168K)
 Metaspace       used 95850K, committed 96512K, reserved 1138688K
  class space    used 10027K, committed 10368K, reserved 1048576K
}
Event: 74,024 GC heap before
{Heap before GC invocations=57 (full 0):
 garbage-first heap   total 267264K, used 219021K [0x0000000084e00000, 0x0000000100000000)
  region size 1024K, 98 young (100352K), 7 survivors (7168K)
 Metaspace       used 96182K, committed 96832K, reserved 1138688K
  class space    used 10045K, committed 10368K, reserved 1048576K
}
Event: 74,032 GC heap after
{Heap after GC invocations=58 (full 0):
 garbage-first heap   total 267264K, used 130957K [0x0000000084e00000, 0x0000000100000000)
  region size 1024K, 12 young (12288K), 12 survivors (12288K)
 Metaspace       used 96182K, committed 96832K, reserved 1138688K
  class space    used 10045K, committed 10368K, reserved 1048576K
}

